<?xml version="1.0" encoding="UTF-8"?>
<testng-results skipped="0" failed="0" ignored="0" total="1" passed="1">
  <reporter-output>
  </reporter-output>
  <suite name="Suite" duration-ms="10773" started-at="2021-11-29T16:39:02 IST" finished-at="2021-11-29T16:39:13 IST">
    <groups>
    </groups>
    <test name="Test1" duration-ms="10773" started-at="2021-11-29T16:39:02 IST" finished-at="2021-11-29T16:39:13 IST">
      <class name="UiTest">
        <test-method status="PASS" signature="startBrowser(java.lang.String)[pri:0, instance:UiTest@66480dd7]" name="startBrowser" duration-ms="10751" started-at="2021-11-29T16:39:02 IST" finished-at="2021-11-29T16:39:13 IST">
          <params>
            <param index="0">
              <value>
                <![CDATA[Edge]]>
              </value>
            </param>
          </params>
          <reporter-output>
          </reporter-output>
        </test-method> <!-- startBrowser -->
      </class> <!-- UiTest -->
    </test> <!-- Test1 -->
  </suite> <!-- Suite -->
</testng-results>
